{"C:\\Users\\Edgar\\Desktop\\Fast-Food-Fast-feature\\UI\\js\\history.js":{"path":"C:\\Users\\Edgar\\Desktop\\Fast-Food-Fast-feature\\UI\\js\\history.js","s":{"1":1,"2":0,"3":0,"4":0,"5":0,"6":0,"7":0,"8":0,"9":0,"10":0,"11":0,"12":0,"13":0,"14":0,"15":0,"16":0,"17":0,"18":0,"19":0,"20":0,"21":0,"22":0,"23":0},"b":{},"f":{"1":0,"2":0},"fnMap":{"1":{"name":"(anonymous_1)","line":8,"loc":{"start":{"line":8,"column":19},"end":{"line":8,"column":45}}},"2":{"name":"(anonymous_2)","line":9,"loc":{"start":{"line":9,"column":28},"end":{"line":9,"column":55}}}},"statementMap":{"1":{"start":{"line":1,"column":0},"end":{"line":1,"column":52}},"2":{"start":{"line":2,"column":0},"end":{"line":28,"column":35}},"3":{"start":{"line":3,"column":18},"end":{"line":3,"column":29}},"4":{"start":{"line":5,"column":4},"end":{"line":5,"column":50}},"5":{"start":{"line":7,"column":4},"end":{"line":7,"column":24}},"6":{"start":{"line":8,"column":4},"end":{"line":26,"column":7}},"7":{"start":{"line":9,"column":6},"end":{"line":25,"column":9}},"8":{"start":{"line":10,"column":8},"end":{"line":10,"column":50}},"9":{"start":{"line":11,"column":8},"end":{"line":11,"column":40}},"10":{"start":{"line":12,"column":8},"end":{"line":12,"column":37}},"11":{"start":{"line":13,"column":8},"end":{"line":13,"column":41}},"12":{"start":{"line":14,"column":8},"end":{"line":14,"column":38}},"13":{"start":{"line":15,"column":8},"end":{"line":15,"column":44}},"14":{"start":{"line":16,"column":8},"end":{"line":16,"column":39}},"15":{"start":{"line":17,"column":8},"end":{"line":17,"column":100}},"16":{"start":{"line":18,"column":8},"end":{"line":18,"column":47}},"17":{"start":{"line":19,"column":8},"end":{"line":19,"column":78}},"18":{"start":{"line":20,"column":8},"end":{"line":20,"column":39}},"19":{"start":{"line":21,"column":8},"end":{"line":21,"column":47}},"20":{"start":{"line":22,"column":8},"end":{"line":22,"column":41}},"21":{"start":{"line":23,"column":8},"end":{"line":23,"column":57}},"22":{"start":{"line":24,"column":8},"end":{"line":24,"column":42}},"23":{"start":{"line":28,"column":18},"end":{"line":28,"column":34}}},"branchMap":{}}}